2026-05-01 21:46:46,574 - trading_bot - INFO - Input validation passed: {'symbol': 'BTCUSDT', 'side': 'BUY', 'order_type': 'MARKET', 'quantity': 0.01}
2026-05-01 21:46:47,256 - trading_bot - INFO - Binance Futures Testnet client initialized
2026-05-01 21:46:47,256 - trading_bot - INFO - Placing MARKET BUY order: 0.01 BTCUSDT
2026-05-01 21:46:47,256 - trading_bot - INFO - Sending futures order request: {'symbol': 'BTCUSDT', 'side': 'BUY', 'type': 'MARKET', 'quantity': 0.01}
2026-05-01 21:46:47,884 - trading_bot - INFO - Futures order response: {'orderId': 13096986994, 'symbol': 'BTCUSDT', 'status': 'NEW', 'clientOrderId': 'x-Cb7ytekJbec5b63b6580bce971c90c', 'price': '0.00', 'avgPrice': '0.00', 'origQty': '0.0100', 'executedQty': '0.0000', 'cumQty': '0.0000', 'cumQuote': '0.000000', 'timeInForce': 'GTC', 'type': 'MARKET', 'reduceOnly': False, 'closePosition': False, 'side': 'BUY', 'positionSide': 'BOTH', 'stopPrice': '0.00', 'workingType': 'CONTRACT_PRICE', 'priceProtect': False, 'origType': 'MARKET', 'priceMatch': 'NONE', 'selfTradePreventionMode': 'EXPIRE_MAKER', 'goodTillDate': 0, 'updateTime': 1777652208689}
2026-05-01 21:46:47,884 - trading_bot - INFO - Order placed successfully: {'orderId': 13096986994, 'status': 'NEW', 'executedQty': '0.0000', 'avgPrice': '0.00', 'symbol': 'BTCUSDT', 'side': 'BUY', 'type': 'MARKET', 'origQty': '0.0100', 'price': '0.00', 'timeInForce': 'GTC'}
2026-05-01 21:46:53,853 - trading_bot - INFO - Input validation passed: {'symbol': 'ETHUSDT', 'side': 'SELL', 'order_type': 'LIMIT', 'quantity': 0.1, 'price': 3000.0}
2026-05-01 21:46:54,323 - trading_bot - INFO - Binance Futures Testnet client initialized
2026-05-01 21:46:54,323 - trading_bot - INFO - Placing LIMIT SELL order: 0.1 ETHUSDT
2026-05-01 21:46:54,324 - trading_bot - INFO - Sending futures order request: {'symbol': 'ETHUSDT', 'side': 'SELL', 'type': 'LIMIT', 'quantity': 0.1, 'price': 3000.0, 'timeInForce': 'GTC'}
2026-05-01 21:46:55,292 - trading_bot - INFO - Futures order response: {'orderId': 8676848095, 'symbol': 'ETHUSDT', 'status': 'NEW', 'clientOrderId': 'x-Cb7ytekJd478cfe272b181702e32ae', 'price': '3000.00', 'avgPrice': '0.00', 'origQty': '0.100', 'executedQty': '0.000', 'cumQty': '0.000', 'cumQuote': '0.00000', 'timeInForce': 'GTC', 'type': 'LIMIT', 'reduceOnly': False, 'closePosition': False, 'side': 'SELL', 'positionSide': 'BOTH', 'stopPrice': '0.00', 'workingType': 'CONTRACT_PRICE', 'priceProtect': False, 'origType': 'LIMIT', 'priceMatch': 'NONE', 'selfTradePreventionMode': 'EXPIRE_MAKER', 'goodTillDate': 0, 'updateTime': 1777652216090}
2026-05-01 21:46:55,292 - trading_bot - INFO - Order placed successfully: {'orderId': 8676848095, 'status': 'NEW', 'executedQty': '0.000', 'avgPrice': '0.00', 'symbol': 'ETHUSDT', 'side': 'SELL', 'type': 'LIMIT', 'origQty': '0.100', 'price': '3000.00', 'timeInForce': 'GTC'}
2026-05-01 21:56:21,786 - trading_bot - INFO - Input validation passed: {'symbol': 'BTCUSDT', 'side': 'BUY', 'order_type': 'MARKET', 'quantity': 0.01}
2026-05-01 21:56:23,742 - trading_bot - INFO - Binance Futures Testnet client initialized
2026-05-01 21:56:23,742 - trading_bot - INFO - Placing MARKET BUY order: 0.01 BTCUSDT
2026-05-01 21:56:23,742 - trading_bot - INFO - Sending futures order request: {'symbol': 'BTCUSDT', 'side': 'BUY', 'type': 'MARKET', 'quantity': 0.01}
2026-05-01 21:56:24,086 - trading_bot - INFO - Futures order response: {'orderId': 13097009853, 'symbol': 'BTCUSDT', 'status': 'NEW', 'clientOrderId': 'x-Cb7ytekJ117a17587ac9227d860fb0', 'price': '0.00', 'avgPrice': '0.00', 'origQty': '0.0100', 'executedQty': '0.0000', 'cumQty': '0.0000', 'cumQuote': '0.000000', 'timeInForce': 'GTC', 'type': 'MARKET', 'reduceOnly': False, 'closePosition': False, 'side': 'BUY', 'positionSide': 'BOTH', 'stopPrice': '0.00', 'workingType': 'CONTRACT_PRICE', 'priceProtect': False, 'origType': 'MARKET', 'priceMatch': 'NONE', 'selfTradePreventionMode': 'EXPIRE_MAKER', 'goodTillDate': 0, 'updateTime': 1777652784890}
2026-05-01 21:56:24,087 - trading_bot - INFO - Order placed successfully: {'orderId': 13097009853, 'status': 'NEW', 'executedQty': '0.0000', 'avgPrice': '0.00', 'symbol': 'BTCUSDT', 'side': 'BUY', 'type': 'MARKET', 'origQty': '0.0100', 'price': '0.00', 'timeInForce': 'GTC'}
2026-05-01 22:00:05,433 - trading_bot - INFO - Input validation passed: {'symbol': 'BTCUSDT', 'side': 'BUY', 'order_type': 'MARKET', 'quantity': 0.01}
2026-05-01 22:00:07,947 - trading_bot - INFO - Binance Futures Testnet client initialized
2026-05-01 22:00:07,947 - trading_bot - INFO - Placing MARKET BUY order: 0.01 BTCUSDT
2026-05-01 22:00:07,948 - trading_bot - INFO - Sending futures order request: {'symbol': 'BTCUSDT', 'side': 'BUY', 'type': 'MARKET', 'quantity': 0.01}
2026-05-01 22:00:08,328 - trading_bot - INFO - Futures order response: {'orderId': 13097018387, 'symbol': 'BTCUSDT', 'status': 'NEW', 'clientOrderId': 'x-Cb7ytekJ50b1bd90ae103cfcf09295', 'price': '0.00', 'avgPrice': '0.00', 'origQty': '0.0100', 'executedQty': '0.0000', 'cumQty': '0.0000', 'cumQuote': '0.000000', 'timeInForce': 'GTC', 'type': 'MARKET', 'reduceOnly': False, 'closePosition': False, 'side': 'BUY', 'positionSide': 'BOTH', 'stopPrice': '0.00', 'workingType': 'CONTRACT_PRICE', 'priceProtect': False, 'origType': 'MARKET', 'priceMatch': 'NONE', 'selfTradePreventionMode': 'EXPIRE_MAKER', 'goodTillDate': 0, 'updateTime': 1777653009141}
2026-05-01 22:00:08,328 - trading_bot - INFO - Order placed successfully: {'orderId': 13097018387, 'status': 'NEW', 'executedQty': '0.0000', 'avgPrice': '0.00', 'symbol': 'BTCUSDT', 'side': 'BUY', 'type': 'MARKET', 'origQty': '0.0100', 'price': '0.00', 'timeInForce': 'GTC'}
